Build started 06/05/2014 16:16:34.
     1>Project "D:\Documents\DropBox\Dropbox\University Work\Year 3\CSC3224 Games Development\Matt Thomson GameDev\nclgl\nclgl.vcxproj" on node 2 (rebuild target(s)).
     1>_PrepareForClean:
         Deleting file "Release\nclgl.lastbuildstate".
       InitializeBuildStatus:
         Creating "Release\nclgl.unsuccessfulbuild" because "AlwaysCreate" was specified.
       ClCompile:
         C:\Program Files (x86)\Microsoft Visual Studio 10.0\VC\bin\CL.exe /c /Zi /nologo /W3 /WX- /O2 /Oi /Oy- /GL /D _MBCS /Gm- /EHsc /MD /GS /Gy /fp:precise /Zc:wchar_t /Zc:forScope /Fo"Release\\" /Fd"Release\vc100.pdb" /Gd /TP /analyze- /errorReport:prompt GameTimer.cpp Keyboard.cpp Matrix3.cpp Matrix4.cpp Mouse.cpp OGLRenderer.cpp Quaternion.cpp Window.cpp
         GameTimer.cpp
         Keyboard.cpp
         Matrix3.cpp
         Matrix4.cpp
         Mouse.cpp
         OGLRenderer.cpp
         Quaternion.cpp
         Window.cpp
       Lib:
         C:\Program Files (x86)\Microsoft Visual Studio 10.0\VC\bin\Lib.exe /OUT:"D:\Documents\DropBox\Dropbox\University Work\Year 3\CSC3224 Games Development\Matt Thomson GameDev\GameDev\Release\nclgl.lib" /NOLOGO /LTCG Release\GameTimer.obj
         Release\Keyboard.obj
         Release\Matrix3.obj
         Release\Matrix4.obj
         Release\Mouse.obj
         Release\OGLRenderer.obj
         Release\Quaternion.obj
         Release\Window.obj
         nclgl.vcxproj -> D:\Documents\DropBox\Dropbox\University Work\Year 3\CSC3224 Games Development\Matt Thomson GameDev\GameDev\Release\nclgl.lib
       FinalizeBuildStatus:
         Deleting file "Release\nclgl.unsuccessfulbuild".
         Touching "Release\nclgl.lastbuildstate".
     1>Done Building Project "D:\Documents\DropBox\Dropbox\University Work\Year 3\CSC3224 Games Development\Matt Thomson GameDev\nclgl\nclgl.vcxproj" (rebuild target(s)).

Build succeeded.

Time Elapsed 00:00:02.07
