Build started 18/05/2014 10:45:48.
     1>Project "D:\Documents\DropBox\Dropbox\GitHub\Matt Thomson GameDev\gamedev\OpenGLGraphics.vcxproj" on node 2 (build target(s)).
     1>InitializeBuildStatus:
         Creating "Debug\MT Game.unsuccessfulbuild" because "AlwaysCreate" was specified.
       ClCompile:
         All outputs are up-to-date.
         All outputs are up-to-date.
       Link:
         All outputs are up-to-date.
         C:\Program Files (x86)\Microsoft Visual Studio 10.0\VC\bin\link.exe /ERRORREPORT:PROMPT /OUT:"D:\Documents\DropBox\Dropbox\GitHub\Matt Thomson GameDev\gamedev\Debug\MT Game.exe" /NOLOGO SOIL.lib Box2D.lib glew32.lib opengl32.lib "sfml-audio-d.lib" "sfml-graphics-d.lib" "sfml-main-d.lib" "sfml-system-d.lib" "sfml-window-d.lib" kernel32.lib user32.lib gdi32.lib winspool.lib comdlg32.lib advapi32.lib shell32.lib ole32.lib oleaut32.lib uuid.lib odbc32.lib odbccp32.lib /MANIFEST /ManifestFile:"Debug\MT Game.exe.intermediate.manifest" /MANIFESTUAC:"level='asInvoker' uiAccess='false'" /DEBUG /PDB:"D:\Documents\DropBox\Dropbox\GitHub\Matt Thomson GameDev\gamedev\Debug\MT Game.pdb" /SUBSYSTEM:CONSOLE /TLBID:1 /DYNAMICBASE /NXCOMPAT /IMPLIB:"D:\Documents\DropBox\Dropbox\GitHub\Matt Thomson GameDev\gamedev\Debug\MT Game.lib" /MACHINE:X86 Debug\AudioManager.obj
         Debug\CircleEntity.obj
         Debug\DebugHud.obj
         Debug\Game.obj
         Debug\gameIcon.obj
         Debug\HUDElement.obj
         Debug\Matrix3.obj
         Debug\Matrix4.obj
         Debug\PhysicsCircle.obj
         Debug\PhysicsSquare.obj
         Debug\Mesh.obj
         Debug\MeshManager.obj
         Debug\PhysicsEngine.obj
         Debug\Pong.obj
         Debug\RenderObject.obj
         Debug\main.obj
         Debug\Shader.obj
         Debug\ShaderManager.obj
         Debug\SquareEntity.obj
         Debug\SRenderer.obj
         Debug\TextureManager.obj
         Debug\TitleMenu.obj
         LINK : D:\Documents\DropBox\Dropbox\GitHub\Matt Thomson GameDev\gamedev\Debug\MT Game.exe not found or not built by the last incremental link; performing full link
     1>SOIL.lib(image_DXT.obj) : warning LNK4204: 'D:\Documents\DropBox\Dropbox\GitHub\Matt Thomson GameDev\gamedev\Debug\vc100.pdb' is missing debugging information for referencing module; linking object as if no debug info
     1>SOIL.lib(image_helper.obj) : warning LNK4204: 'D:\Documents\DropBox\Dropbox\GitHub\Matt Thomson GameDev\gamedev\Debug\vc100.pdb' is missing debugging information for referencing module; linking object as if no debug info
     1>SOIL.lib(SOIL.obj) : warning LNK4204: 'D:\Documents\DropBox\Dropbox\GitHub\Matt Thomson GameDev\gamedev\Debug\vc100.pdb' is missing debugging information for referencing module; linking object as if no debug info
     1>SOIL.lib(stb_image_aug.obj) : warning LNK4204: 'D:\Documents\DropBox\Dropbox\GitHub\Matt Thomson GameDev\gamedev\Debug\vc100.pdb' is missing debugging information for referencing module; linking object as if no debug info
     1>Box2D.lib(b2DistanceJoint.obj) : warning LNK4204: 'D:\Documents\DropBox\Dropbox\GitHub\Matt Thomson GameDev\gamedev\Debug\vc100.pdb' is missing debugging information for referencing module; linking object as if no debug info
     1>Box2D.lib(b2FrictionJoint.obj) : warning LNK4204: 'D:\Documents\DropBox\Dropbox\GitHub\Matt Thomson GameDev\gamedev\Debug\vc100.pdb' is missing debugging information for referencing module; linking object as if no debug info
     1>Box2D.lib(b2GearJoint.obj) : warning LNK4204: 'D:\Documents\DropBox\Dropbox\GitHub\Matt Thomson GameDev\gamedev\Debug\vc100.pdb' is missing debugging information for referencing module; linking object as if no debug info
     1>Box2D.lib(b2Joint.obj) : warning LNK4204: 'D:\Documents\DropBox\Dropbox\GitHub\Matt Thomson GameDev\gamedev\Debug\vc100.pdb' is missing debugging information for referencing module; linking object as if no debug info
     1>Box2D.lib(b2MotorJoint.obj) : warning LNK4204: 'D:\Documents\DropBox\Dropbox\GitHub\Matt Thomson GameDev\gamedev\Debug\vc100.pdb' is missing debugging information for referencing module; linking object as if no debug info
     1>Box2D.lib(b2MouseJoint.obj) : warning LNK4204: 'D:\Documents\DropBox\Dropbox\GitHub\Matt Thomson GameDev\gamedev\Debug\vc100.pdb' is missing debugging information for referencing module; linking object as if no debug info
     1>Box2D.lib(b2PrismaticJoint.obj) : warning LNK4204: 'D:\Documents\DropBox\Dropbox\GitHub\Matt Thomson GameDev\gamedev\Debug\vc100.pdb' is missing debugging information for referencing module; linking object as if no debug info
     1>Box2D.lib(b2PulleyJoint.obj) : warning LNK4204: 'D:\Documents\DropBox\Dropbox\GitHub\Matt Thomson GameDev\gamedev\Debug\vc100.pdb' is missing debugging information for referencing module; linking object as if no debug info
     1>Box2D.lib(b2RevoluteJoint.obj) : warning LNK4204: 'D:\Documents\DropBox\Dropbox\GitHub\Matt Thomson GameDev\gamedev\Debug\vc100.pdb' is missing debugging information for referencing module; linking object as if no debug info
     1>Box2D.lib(b2RopeJoint.obj) : warning LNK4204: 'D:\Documents\DropBox\Dropbox\GitHub\Matt Thomson GameDev\gamedev\Debug\vc100.pdb' is missing debugging information for referencing module; linking object as if no debug info
     1>Box2D.lib(b2WeldJoint.obj) : warning LNK4204: 'D:\Documents\DropBox\Dropbox\GitHub\Matt Thomson GameDev\gamedev\Debug\vc100.pdb' is missing debugging information for referencing module; linking object as if no debug info
     1>Box2D.lib(b2WheelJoint.obj) : warning LNK4204: 'D:\Documents\DropBox\Dropbox\GitHub\Matt Thomson GameDev\gamedev\Debug\vc100.pdb' is missing debugging information for referencing module; linking object as if no debug info
     1>Box2D.lib(b2CircleContact.obj) : warning LNK4204: 'D:\Documents\DropBox\Dropbox\GitHub\Matt Thomson GameDev\gamedev\Debug\vc100.pdb' is missing debugging information for referencing module; linking object as if no debug info
     1>Box2D.lib(b2Contact.obj) : warning LNK4204: 'D:\Documents\DropBox\Dropbox\GitHub\Matt Thomson GameDev\gamedev\Debug\vc100.pdb' is missing debugging information for referencing module; linking object as if no debug info
     1>Box2D.lib(b2ContactSolver.obj) : warning LNK4204: 'D:\Documents\DropBox\Dropbox\GitHub\Matt Thomson GameDev\gamedev\Debug\vc100.pdb' is missing debugging information for referencing module; linking object as if no debug info
     1>Box2D.lib(b2PolygonAndCircleContact.obj) : warning LNK4204: 'D:\Documents\DropBox\Dropbox\GitHub\Matt Thomson GameDev\gamedev\Debug\vc100.pdb' is missing debugging information for referencing module; linking object as if no debug info
     1>Box2D.lib(b2EdgeAndCircleContact.obj) : warning LNK4204: 'D:\Documents\DropBox\Dropbox\GitHub\Matt Thomson GameDev\gamedev\Debug\vc100.pdb' is missing debugging information for referencing module; linking object as if no debug info
     1>Box2D.lib(b2EdgeAndPolygonContact.obj) : warning LNK4204: 'D:\Documents\DropBox\Dropbox\GitHub\Matt Thomson GameDev\gamedev\Debug\vc100.pdb' is missing debugging information for referencing module; linking object as if no debug info
     1>Box2D.lib(b2ChainAndCircleContact.obj) : warning LNK4204: 'D:\Documents\DropBox\Dropbox\GitHub\Matt Thomson GameDev\gamedev\Debug\vc100.pdb' is missing debugging information for referencing module; linking object as if no debug info
     1>Box2D.lib(b2ChainAndPolygonContact.obj) : warning LNK4204: 'D:\Documents\DropBox\Dropbox\GitHub\Matt Thomson GameDev\gamedev\Debug\vc100.pdb' is missing debugging information for referencing module; linking object as if no debug info
     1>Box2D.lib(b2PolygonContact.obj) : warning LNK4204: 'D:\Documents\DropBox\Dropbox\GitHub\Matt Thomson GameDev\gamedev\Debug\vc100.pdb' is missing debugging information for referencing module; linking object as if no debug info
     1>Box2D.lib(b2Body.obj) : warning LNK4204: 'D:\Documents\DropBox\Dropbox\GitHub\Matt Thomson GameDev\gamedev\Debug\vc100.pdb' is missing debugging information for referencing module; linking object as if no debug info
     1>Box2D.lib(b2ContactManager.obj) : warning LNK4204: 'D:\Documents\DropBox\Dropbox\GitHub\Matt Thomson GameDev\gamedev\Debug\vc100.pdb' is missing debugging information for referencing module; linking object as if no debug info
     1>Box2D.lib(b2Fixture.obj) : warning LNK4204: 'D:\Documents\DropBox\Dropbox\GitHub\Matt Thomson GameDev\gamedev\Debug\vc100.pdb' is missing debugging information for referencing module; linking object as if no debug info
     1>Box2D.lib(b2Island.obj) : warning LNK4204: 'D:\Documents\DropBox\Dropbox\GitHub\Matt Thomson GameDev\gamedev\Debug\vc100.pdb' is missing debugging information for referencing module; linking object as if no debug info
     1>Box2D.lib(b2World.obj) : warning LNK4204: 'D:\Documents\DropBox\Dropbox\GitHub\Matt Thomson GameDev\gamedev\Debug\vc100.pdb' is missing debugging information for referencing module; linking object as if no debug info
     1>Box2D.lib(b2WorldCallbacks.obj) : warning LNK4204: 'D:\Documents\DropBox\Dropbox\GitHub\Matt Thomson GameDev\gamedev\Debug\vc100.pdb' is missing debugging information for referencing module; linking object as if no debug info
     1>Box2D.lib(b2BlockAllocator.obj) : warning LNK4204: 'D:\Documents\DropBox\Dropbox\GitHub\Matt Thomson GameDev\gamedev\Debug\vc100.pdb' is missing debugging information for referencing module; linking object as if no debug info
     1>Box2D.lib(b2Draw.obj) : warning LNK4204: 'D:\Documents\DropBox\Dropbox\GitHub\Matt Thomson GameDev\gamedev\Debug\vc100.pdb' is missing debugging information for referencing module; linking object as if no debug info
     1>Box2D.lib(b2Math.obj) : warning LNK4204: 'D:\Documents\DropBox\Dropbox\GitHub\Matt Thomson GameDev\gamedev\Debug\vc100.pdb' is missing debugging information for referencing module; linking object as if no debug info
     1>Box2D.lib(b2Settings.obj) : warning LNK4204: 'D:\Documents\DropBox\Dropbox\GitHub\Matt Thomson GameDev\gamedev\Debug\vc100.pdb' is missing debugging information for referencing module; linking object as if no debug info
     1>Box2D.lib(b2StackAllocator.obj) : warning LNK4204: 'D:\Documents\DropBox\Dropbox\GitHub\Matt Thomson GameDev\gamedev\Debug\vc100.pdb' is missing debugging information for referencing module; linking object as if no debug info
     1>Box2D.lib(b2Timer.obj) : warning LNK4204: 'D:\Documents\DropBox\Dropbox\GitHub\Matt Thomson GameDev\gamedev\Debug\vc100.pdb' is missing debugging information for referencing module; linking object as if no debug info
     1>Box2D.lib(b2CircleShape.obj) : warning LNK4204: 'D:\Documents\DropBox\Dropbox\GitHub\Matt Thomson GameDev\gamedev\Debug\vc100.pdb' is missing debugging information for referencing module; linking object as if no debug info
     1>Box2D.lib(b2EdgeShape.obj) : warning LNK4204: 'D:\Documents\DropBox\Dropbox\GitHub\Matt Thomson GameDev\gamedev\Debug\vc100.pdb' is missing debugging information for referencing module; linking object as if no debug info
     1>Box2D.lib(b2ChainShape.obj) : warning LNK4204: 'D:\Documents\DropBox\Dropbox\GitHub\Matt Thomson GameDev\gamedev\Debug\vc100.pdb' is missing debugging information for referencing module; linking object as if no debug info
     1>Box2D.lib(b2PolygonShape.obj) : warning LNK4204: 'D:\Documents\DropBox\Dropbox\GitHub\Matt Thomson GameDev\gamedev\Debug\vc100.pdb' is missing debugging information for referencing module; linking object as if no debug info
     1>Box2D.lib(b2BroadPhase.obj) : warning LNK4204: 'D:\Documents\DropBox\Dropbox\GitHub\Matt Thomson GameDev\gamedev\Debug\vc100.pdb' is missing debugging information for referencing module; linking object as if no debug info
     1>Box2D.lib(b2CollideCircle.obj) : warning LNK4204: 'D:\Documents\DropBox\Dropbox\GitHub\Matt Thomson GameDev\gamedev\Debug\vc100.pdb' is missing debugging information for referencing module; linking object as if no debug info
     1>Box2D.lib(b2CollideEdge.obj) : warning LNK4204: 'D:\Documents\DropBox\Dropbox\GitHub\Matt Thomson GameDev\gamedev\Debug\vc100.pdb' is missing debugging information for referencing module; linking object as if no debug info
     1>Box2D.lib(b2CollidePolygon.obj) : warning LNK4204: 'D:\Documents\DropBox\Dropbox\GitHub\Matt Thomson GameDev\gamedev\Debug\vc100.pdb' is missing debugging information for referencing module; linking object as if no debug info
     1>Box2D.lib(b2Collision.obj) : warning LNK4204: 'D:\Documents\DropBox\Dropbox\GitHub\Matt Thomson GameDev\gamedev\Debug\vc100.pdb' is missing debugging information for referencing module; linking object as if no debug info
     1>Box2D.lib(b2Distance.obj) : warning LNK4204: 'D:\Documents\DropBox\Dropbox\GitHub\Matt Thomson GameDev\gamedev\Debug\vc100.pdb' is missing debugging information for referencing module; linking object as if no debug info
     1>Box2D.lib(b2DynamicTree.obj) : warning LNK4204: 'D:\Documents\DropBox\Dropbox\GitHub\Matt Thomson GameDev\gamedev\Debug\vc100.pdb' is missing debugging information for referencing module; linking object as if no debug info
     1>Box2D.lib(b2TimeOfImpact.obj) : warning LNK4204: 'D:\Documents\DropBox\Dropbox\GitHub\Matt Thomson GameDev\gamedev\Debug\vc100.pdb' is missing debugging information for referencing module; linking object as if no debug info
         OpenGLGraphics.vcxproj -> D:\Documents\DropBox\Dropbox\GitHub\Matt Thomson GameDev\gamedev\Debug\MT Game.exe
       Manifest:
         C:\Program Files (x86)\Microsoft SDKs\Windows\v7.0A\bin\mt.exe /nologo /verbose /outputresource:"D:\Documents\DropBox\Dropbox\GitHub\Matt Thomson GameDev\gamedev\Debug\MT Game.exe;#1" /manifest "Debug\MT Game.exe.intermediate.manifest"
       FinalizeBuildStatus:
         Deleting file "Debug\MT Game.unsuccessfulbuild".
         Touching "Debug\MT Game.lastbuildstate".
     1>Done Building Project "D:\Documents\DropBox\Dropbox\GitHub\Matt Thomson GameDev\gamedev\OpenGLGraphics.vcxproj" (build target(s)).

Build succeeded.

Time Elapsed 00:00:00.29
